<?xml version="1.0" encoding="UTF-8"?>
<testng-results ignored="0" total="1" passed="1" failed="0" skipped="0">
  <reporter-output>
  </reporter-output>
  <suite started-at="2023-10-24T22:27:31 IST" name="Default suite" finished-at="2023-10-24T22:29:20 IST" duration-ms="109002">
    <groups>
      <group name="cucumber">
        <method signature="AbstractTestNGCucumberTests.runScenario(io.cucumber.testng.PickleWrapper,io.cucumber.testng.FeatureWrapper)[pri:0, instance:runnerClass.RunnerIO@477b4cdf]" name="runScenario" class="io.cucumber.testng.AbstractTestNGCucumberTests"/>
      </group> <!-- cucumber -->
    </groups>
    <test started-at="2023-10-24T22:27:31 IST" name="Default test" finished-at="2023-10-24T22:29:20 IST" duration-ms="109002">
      <class name="runnerClass.RunnerIO">
        <test-method is-config="true" signature="setUpClass(org.testng.ITestContext)[pri:0, instance:runnerClass.RunnerIO@477b4cdf]" started-at="2023-10-24T22:27:31 IST" name="setUpClass" finished-at="2023-10-24T22:27:32 IST" duration-ms="365" status="PASS">
          <params>
            <param index="0">
              <value>
                <![CDATA[org.testng.TestRunner@554f0dfb]]>
              </value>
            </param>
          </params>
          <reporter-output>
          </reporter-output>
        </test-method> <!-- setUpClass -->
        <test-method signature="runScenario(io.cucumber.testng.PickleWrapper,io.cucumber.testng.FeatureWrapper)[pri:0, instance:runnerClass.RunnerIO@477b4cdf]" started-at="2023-10-24T22:27:32 IST" name="runScenario" description="Runs Cucumber Scenarios" data-provider="scenarios" finished-at="2023-10-24T22:29:20 IST" duration-ms="108545" status="PASS">
          <params>
            <param index="0">
              <value>
                <![CDATA["Create new contact on vTiger application"]]>
              </value>
            </param>
            <param index="1">
              <value>
                <![CDATA["Create contact on vTiger application"]]>
              </value>
            </param>
          </params>
          <reporter-output>
          </reporter-output>
        </test-method> <!-- runScenario -->
        <test-method is-config="true" signature="tearDownClass()[pri:0, instance:runnerClass.RunnerIO@477b4cdf]" started-at="2023-10-24T22:29:20 IST" name="tearDownClass" finished-at="2023-10-24T22:29:20 IST" duration-ms="2" status="PASS">
          <reporter-output>
          </reporter-output>
        </test-method> <!-- tearDownClass -->
      </class> <!-- runnerClass.RunnerIO -->
    </test> <!-- Default test -->
  </suite> <!-- Default suite -->
</testng-results>
